This file contains any messages produced by compilers while
running configure, to aid debugging if configure makes a mistake.

It was created by configure, which was
generated by GNU Autoconf 2.59.  Invocation command line was

  $ /home/hadoop/hadoop-20/src/native/configure LDFLAGS=-L/home/hadoop/hadoop-20/src/native/lib/snappy/lib -L/home/hadoop/hadoop-20/nativelib/lzma -L/home/hadoop/hadoop-20/nativelib/lz4 -lrt -Wl,--no-as-needed CPPFLAGS=-I/home/hadoop/hadoop-20/src/native/lib/snappy/include -I/home/hadoop/hadoop-20/nativelib/lzma -I/home/hadoop/hadoop-20/nativelib/lz4

## --------- ##
## Platform. ##
## --------- ##

hostname = master
uname -m = x86_64
uname -r = 4.2.0-27-generic
uname -s = Linux
uname -v = #32~14.04.1-Ubuntu SMP Fri Jan 22 15:32:26 UTC 2016

/usr/bin/uname -p = unknown
/bin/uname -X     = unknown

/bin/arch              = unknown
/usr/bin/arch -k       = unknown
/usr/convex/getsysinfo = unknown
hostinfo               = unknown
/bin/machine           = unknown
/usr/bin/oslevel       = unknown
/bin/universe          = unknown

PATH: /usr/lib/jvm/jdk1.8.0_144/bin
PATH: /home/hadoop/hadoop-20/bin
PATH: /usr/local/sbin
PATH: /usr/local/bin
PATH: /usr/sbin
PATH: /usr/bin
PATH: /sbin
PATH: /bin
PATH: /usr/games
PATH: /usr/local/games


## ----------- ##
## Core tests. ##
## ----------- ##

configure:1573: checking for gcc
configure:1589: found /usr/bin/gcc
configure:1599: result: gcc
configure:1843: checking for C compiler version
configure:1846: gcc --version </dev/null >&5
gcc (Ubuntu 4.8.4-2ubuntu1~14.04.3) 4.8.4
Copyright (C) 2013 Free Software Foundation, Inc.
This is free software; see the source for copying conditions.  There is NO
warranty; not even for MERCHANTABILITY or FITNESS FOR A PARTICULAR PURPOSE.

configure:1849: $? = 0
configure:1851: gcc -v </dev/null >&5
Using built-in specs.
COLLECT_GCC=gcc
COLLECT_LTO_WRAPPER=/usr/lib/gcc/x86_64-linux-gnu/4.8/lto-wrapper
Target: x86_64-linux-gnu
Configured with: ../src/configure -v --with-pkgversion='Ubuntu 4.8.4-2ubuntu1~14.04.3' --with-bugurl=file:///usr/share/doc/gcc-4.8/README.Bugs --enable-languages=c,c++,java,go,d,fortran,objc,obj-c++ --prefix=/usr --program-suffix=-4.8 --enable-shared --enable-linker-build-id --libexecdir=/usr/lib --without-included-gettext --enable-threads=posix --with-gxx-include-dir=/usr/include/c++/4.8 --libdir=/usr/lib --enable-nls --with-sysroot=/ --enable-clocale=gnu --enable-libstdcxx-debug --enable-libstdcxx-time=yes --enable-gnu-unique-object --disable-libmudflap --enable-plugin --with-system-zlib --disable-browser-plugin --enable-java-awt=gtk --enable-gtk-cairo --with-java-home=/usr/lib/jvm/java-1.5.0-gcj-4.8-amd64/jre --enable-java-home --with-jvm-root-dir=/usr/lib/jvm/java-1.5.0-gcj-4.8-amd64 --with-jvm-jar-dir=/usr/lib/jvm-exports/java-1.5.0-gcj-4.8-amd64 --with-arch-directory=amd64 --with-ecj-jar=/usr/share/java/eclipse-ecj.jar --enable-objc-gc --enable-multiarch --disable-werror --with-arch-32=i686 --with-abi=m64 --with-multilib-list=m32,m64,mx32 --with-tune=generic --enable-checking=release --build=x86_64-linux-gnu --host=x86_64-linux-gnu --target=x86_64-linux-gnu
Thread model: posix
gcc version 4.8.4 (Ubuntu 4.8.4-2ubuntu1~14.04.3) 
configure:1854: $? = 0
configure:1856: gcc -V </dev/null >&5
gcc: error: unrecognized command line option '-V'
gcc: fatal error: no input files
compilation terminated.
configure:1859: $? = 4
configure:1882: checking for C compiler default output file name
configure:1885: gcc  -I/home/hadoop/hadoop-20/src/native/lib/snappy/include -I/home/hadoop/hadoop-20/nativelib/lzma -I/home/hadoop/hadoop-20/nativelib/lz4 -L/home/hadoop/hadoop-20/src/native/lib/snappy/lib -L/home/hadoop/hadoop-20/nativelib/lzma -L/home/hadoop/hadoop-20/nativelib/lz4 -lrt -Wl,--no-as-needed conftest.c  >&5
configure:1888: $? = 0
configure:1934: result: a.out
configure:1939: checking whether the C compiler works
configure:1945: ./a.out
configure:1948: $? = 0
configure:1965: result: yes
configure:1972: checking whether we are cross compiling
configure:1974: result: no
configure:1977: checking for suffix of executables
configure:1979: gcc -o conftest  -I/home/hadoop/hadoop-20/src/native/lib/snappy/include -I/home/hadoop/hadoop-20/nativelib/lzma -I/home/hadoop/hadoop-20/nativelib/lz4 -L/home/hadoop/hadoop-20/src/native/lib/snappy/lib -L/home/hadoop/hadoop-20/nativelib/lzma -L/home/hadoop/hadoop-20/nativelib/lz4 -lrt -Wl,--no-as-needed conftest.c  >&5
configure:1982: $? = 0
configure:2007: result: 
configure:2013: checking for suffix of object files
configure:2034: gcc -c  -I/home/hadoop/hadoop-20/src/native/lib/snappy/include -I/home/hadoop/hadoop-20/nativelib/lzma -I/home/hadoop/hadoop-20/nativelib/lz4 conftest.c >&5
configure:2037: $? = 0
configure:2059: result: o
configure:2063: checking whether we are using the GNU C compiler
configure:2087: gcc -c  -I/home/hadoop/hadoop-20/src/native/lib/snappy/include -I/home/hadoop/hadoop-20/nativelib/lzma -I/home/hadoop/hadoop-20/nativelib/lz4 conftest.c >&5
configure:2093: $? = 0
configure:2097: test -z 
			 || test ! -s conftest.err
configure:2100: $? = 0
configure:2103: test -s conftest.o
configure:2106: $? = 0
configure:2119: result: yes
configure:2125: checking whether gcc accepts -g
configure:2146: gcc -c -g -I/home/hadoop/hadoop-20/src/native/lib/snappy/include -I/home/hadoop/hadoop-20/nativelib/lzma -I/home/hadoop/hadoop-20/nativelib/lz4 conftest.c >&5
configure:2152: $? = 0
configure:2156: test -z 
			 || test ! -s conftest.err
configure:2159: $? = 0
configure:2162: test -s conftest.o
configure:2165: $? = 0
configure:2176: result: yes
configure:2193: checking for gcc option to accept ANSI C
configure:2263: gcc  -c -g -O2 -I/home/hadoop/hadoop-20/src/native/lib/snappy/include -I/home/hadoop/hadoop-20/nativelib/lzma -I/home/hadoop/hadoop-20/nativelib/lz4 conftest.c >&5
configure:2269: $? = 0
configure:2273: test -z 
			 || test ! -s conftest.err
configure:2276: $? = 0
configure:2279: test -s conftest.o
configure:2282: $? = 0
configure:2300: result: none needed
configure:2318: gcc -c -g -O2 -I/home/hadoop/hadoop-20/src/native/lib/snappy/include -I/home/hadoop/hadoop-20/nativelib/lzma -I/home/hadoop/hadoop-20/nativelib/lz4 conftest.c >&5
conftest.c:2:3: error: unknown type name 'choke'
   choke me
   ^
conftest.c:2:3: error: expected '=', ',', ';', 'asm' or '__attribute__' at end of input
configure:2324: $? = 1
configure: failed program was:
| #ifndef __cplusplus
|   choke me
| #endif
configure:2465: checking for special C compiler options needed for large files
configure:2564: result: no
configure:2570: checking for _FILE_OFFSET_BITS value needed for large files
configure:2601: gcc -c -g -O2 -I/home/hadoop/hadoop-20/src/native/lib/snappy/include -I/home/hadoop/hadoop-20/nativelib/lzma -I/home/hadoop/hadoop-20/nativelib/lz4 conftest.c >&5
configure:2607: $? = 0
configure:2611: test -z 
			 || test ! -s conftest.err
configure:2614: $? = 0
configure:2617: test -s conftest.o
configure:2620: $? = 0
configure:2685: result: no
configure:2695: checking for _LARGE_FILES value needed for large files
configure:2726: gcc -c -g -O2 -I/home/hadoop/hadoop-20/src/native/lib/snappy/include -I/home/hadoop/hadoop-20/nativelib/lzma -I/home/hadoop/hadoop-20/nativelib/lz4 conftest.c >&5
configure:2732: $? = 0
configure:2736: test -z 
			 || test ! -s conftest.err
configure:2739: $? = 0
configure:2742: test -s conftest.o
configure:2745: $? = 0
configure:2810: result: no
configure:2837: checking for a BSD-compatible install
configure:2892: result: /usr/bin/install -c
configure:2903: checking whether build environment is sane
configure:2946: result: yes
configure:3011: checking for gawk
configure:3040: result: no
configure:3011: checking for mawk
configure:3027: found /usr/bin/mawk
configure:3037: result: mawk
configure:3047: checking whether make sets $(MAKE)
configure:3067: result: yes
configure:3097: checking for style of include used by make
configure:3125: result: GNU
configure:3301: checking dependency style of gcc
configure:3391: result: gcc3
configure:3457: checking for gcc
configure:3483: result: gcc
configure:3727: checking for C compiler version
configure:3730: gcc --version </dev/null >&5
gcc (Ubuntu 4.8.4-2ubuntu1~14.04.3) 4.8.4
Copyright (C) 2013 Free Software Foundation, Inc.
This is free software; see the source for copying conditions.  There is NO
warranty; not even for MERCHANTABILITY or FITNESS FOR A PARTICULAR PURPOSE.

configure:3733: $? = 0
configure:3735: gcc -v </dev/null >&5
Using built-in specs.
COLLECT_GCC=gcc
COLLECT_LTO_WRAPPER=/usr/lib/gcc/x86_64-linux-gnu/4.8/lto-wrapper
Target: x86_64-linux-gnu
Configured with: ../src/configure -v --with-pkgversion='Ubuntu 4.8.4-2ubuntu1~14.04.3' --with-bugurl=file:///usr/share/doc/gcc-4.8/README.Bugs --enable-languages=c,c++,java,go,d,fortran,objc,obj-c++ --prefix=/usr --program-suffix=-4.8 --enable-shared --enable-linker-build-id --libexecdir=/usr/lib --without-included-gettext --enable-threads=posix --with-gxx-include-dir=/usr/include/c++/4.8 --libdir=/usr/lib --enable-nls --with-sysroot=/ --enable-clocale=gnu --enable-libstdcxx-debug --enable-libstdcxx-time=yes --enable-gnu-unique-object --disable-libmudflap --enable-plugin --with-system-zlib --disable-browser-plugin --enable-java-awt=gtk --enable-gtk-cairo --with-java-home=/usr/lib/jvm/java-1.5.0-gcj-4.8-amd64/jre --enable-java-home --with-jvm-root-dir=/usr/lib/jvm/java-1.5.0-gcj-4.8-amd64 --with-jvm-jar-dir=/usr/lib/jvm-exports/java-1.5.0-gcj-4.8-amd64 --with-arch-directory=amd64 --with-ecj-jar=/usr/share/java/eclipse-ecj.jar --enable-objc-gc --enable-multiarch --disable-werror --with-arch-32=i686 --with-abi=m64 --with-multilib-list=m32,m64,mx32 --with-tune=generic --enable-checking=release --build=x86_64-linux-gnu --host=x86_64-linux-gnu --target=x86_64-linux-gnu
Thread model: posix
gcc version 4.8.4 (Ubuntu 4.8.4-2ubuntu1~14.04.3) 
configure:3738: $? = 0
configure:3740: gcc -V </dev/null >&5
gcc: error: unrecognized command line option '-V'
gcc: fatal error: no input files
compilation terminated.
configure:3743: $? = 4
configure:3746: checking whether we are using the GNU C compiler
configure:3802: result: yes
configure:3808: checking whether gcc accepts -g
configure:3859: result: yes
configure:3876: checking for gcc option to accept ANSI C
configure:3983: result: none needed
configure:4001: gcc -c -g -O2 -I/home/hadoop/hadoop-20/src/native/lib/snappy/include -I/home/hadoop/hadoop-20/nativelib/lzma -I/home/hadoop/hadoop-20/nativelib/lz4 conftest.c >&5
conftest.c:2:3: error: unknown type name 'choke'
   choke me
   ^
conftest.c:2:3: error: expected '=', ',', ';', 'asm' or '__attribute__' at end of input
configure:4007: $? = 1
configure: failed program was:
| #ifndef __cplusplus
|   choke me
| #endif
configure:4218: checking build system type
configure:4236: result: x86_64-unknown-linux-gnu
configure:4244: checking host system type
configure:4258: result: x86_64-unknown-linux-gnu
configure:4266: checking for a sed that does not truncate output
configure:4322: result: /bin/sed
configure:4325: checking for egrep
configure:4335: result: grep -E
configure:4351: checking for ld used by gcc
configure:4418: result: /usr/bin/ld
configure:4427: checking if the linker (/usr/bin/ld) is GNU ld
configure:4442: result: yes
configure:4447: checking for /usr/bin/ld option to reload object files
configure:4454: result: -r
configure:4472: checking for BSD-compatible nm
configure:4521: result: /usr/bin/nm -B
configure:4525: checking whether ln -s works
configure:4529: result: yes
configure:4536: checking how to recognise dependent libraries
configure:4712: result: pass_all
configure:4799: gcc -c -g -O2 -I/home/hadoop/hadoop-20/src/native/lib/snappy/include -I/home/hadoop/hadoop-20/nativelib/lzma -I/home/hadoop/hadoop-20/nativelib/lz4 conftest.c >&5
configure:4802: $? = 0
configure:4948: checking how to run the C preprocessor
configure:4983: gcc -E -I/home/hadoop/hadoop-20/src/native/lib/snappy/include -I/home/hadoop/hadoop-20/nativelib/lzma -I/home/hadoop/hadoop-20/nativelib/lz4 conftest.c
configure:4989: $? = 0
configure:5021: gcc -E -I/home/hadoop/hadoop-20/src/native/lib/snappy/include -I/home/hadoop/hadoop-20/nativelib/lzma -I/home/hadoop/hadoop-20/nativelib/lz4 conftest.c
conftest.c:11:28: fatal error: ac_nonexistent.h: No such file or directory
 #include <ac_nonexistent.h>
                            ^
compilation terminated.
configure:5027: $? = 1
configure: failed program was:
| /* confdefs.h.  */
| 
| #define PACKAGE_NAME ""
| #define PACKAGE_TARNAME ""
| #define PACKAGE_VERSION ""
| #define PACKAGE_STRING ""
| #define PACKAGE_BUGREPORT ""
| #define PACKAGE "hadoop"
| #define VERSION "1.0.0"
| /* end confdefs.h.  */
| #include <ac_nonexistent.h>
configure:5066: result: gcc -E
configure:5090: gcc -E -I/home/hadoop/hadoop-20/src/native/lib/snappy/include -I/home/hadoop/hadoop-20/nativelib/lzma -I/home/hadoop/hadoop-20/nativelib/lz4 conftest.c
configure:5096: $? = 0
configure:5128: gcc -E -I/home/hadoop/hadoop-20/src/native/lib/snappy/include -I/home/hadoop/hadoop-20/nativelib/lzma -I/home/hadoop/hadoop-20/nativelib/lz4 conftest.c
conftest.c:11:28: fatal error: ac_nonexistent.h: No such file or directory
 #include <ac_nonexistent.h>
                            ^
compilation terminated.
configure:5134: $? = 1
configure: failed program was:
| /* confdefs.h.  */
| 
| #define PACKAGE_NAME ""
| #define PACKAGE_TARNAME ""
| #define PACKAGE_VERSION ""
| #define PACKAGE_STRING ""
| #define PACKAGE_BUGREPORT ""
| #define PACKAGE "hadoop"
| #define VERSION "1.0.0"
| /* end confdefs.h.  */
| #include <ac_nonexistent.h>
configure:5178: checking for ANSI C header files
configure:5203: gcc -c -g -O2 -I/home/hadoop/hadoop-20/src/native/lib/snappy/include -I/home/hadoop/hadoop-20/nativelib/lzma -I/home/hadoop/hadoop-20/nativelib/lz4 conftest.c >&5
configure:5209: $? = 0
configure:5213: test -z 
			 || test ! -s conftest.err
configure:5216: $? = 0
configure:5219: test -s conftest.o
configure:5222: $? = 0
configure:5311: gcc -o conftest -g -O2 -I/home/hadoop/hadoop-20/src/native/lib/snappy/include -I/home/hadoop/hadoop-20/nativelib/lzma -I/home/hadoop/hadoop-20/nativelib/lz4 -L/home/hadoop/hadoop-20/src/native/lib/snappy/lib -L/home/hadoop/hadoop-20/nativelib/lzma -L/home/hadoop/hadoop-20/nativelib/lz4 -lrt -Wl,--no-as-needed conftest.c  >&5
conftest.c: In function 'main':
conftest.c:28:7: warning: incompatible implicit declaration of built-in function 'exit' [enabled by default]
       exit(2);
       ^
configure:5314: $? = 0
configure:5316: ./conftest
configure:5319: $? = 0
configure:5334: result: yes
configure:5358: checking for sys/types.h
configure:5374: gcc -c -g -O2 -I/home/hadoop/hadoop-20/src/native/lib/snappy/include -I/home/hadoop/hadoop-20/nativelib/lzma -I/home/hadoop/hadoop-20/nativelib/lz4 conftest.c >&5
configure:5380: $? = 0
configure:5384: test -z 
			 || test ! -s conftest.err
configure:5387: $? = 0
configure:5390: test -s conftest.o
configure:5393: $? = 0
configure:5404: result: yes
configure:5358: checking for sys/stat.h
configure:5374: gcc -c -g -O2 -I/home/hadoop/hadoop-20/src/native/lib/snappy/include -I/home/hadoop/hadoop-20/nativelib/lzma -I/home/hadoop/hadoop-20/nativelib/lz4 conftest.c >&5
configure:5380: $? = 0
configure:5384: test -z 
			 || test ! -s conftest.err
configure:5387: $? = 0
configure:5390: test -s conftest.o
configure:5393: $? = 0
configure:5404: result: yes
configure:5358: checking for stdlib.h
configure:5374: gcc -c -g -O2 -I/home/hadoop/hadoop-20/src/native/lib/snappy/include -I/home/hadoop/hadoop-20/nativelib/lzma -I/home/hadoop/hadoop-20/nativelib/lz4 conftest.c >&5
configure:5380: $? = 0
configure:5384: test -z 
			 || test ! -s conftest.err
configure:5387: $? = 0
configure:5390: test -s conftest.o
configure:5393: $? = 0
configure:5404: result: yes
configure:5358: checking for string.h
configure:5374: gcc -c -g -O2 -I/home/hadoop/hadoop-20/src/native/lib/snappy/include -I/home/hadoop/hadoop-20/nativelib/lzma -I/home/hadoop/hadoop-20/nativelib/lz4 conftest.c >&5
configure:5380: $? = 0
configure:5384: test -z 
			 || test ! -s conftest.err
configure:5387: $? = 0
configure:5390: test -s conftest.o
configure:5393: $? = 0
configure:5404: result: yes
configure:5358: checking for memory.h
configure:5374: gcc -c -g -O2 -I/home/hadoop/hadoop-20/src/native/lib/snappy/include -I/home/hadoop/hadoop-20/nativelib/lzma -I/home/hadoop/hadoop-20/nativelib/lz4 conftest.c >&5
configure:5380: $? = 0
configure:5384: test -z 
			 || test ! -s conftest.err
configure:5387: $? = 0
configure:5390: test -s conftest.o
configure:5393: $? = 0
configure:5404: result: yes
configure:5358: checking for strings.h
configure:5374: gcc -c -g -O2 -I/home/hadoop/hadoop-20/src/native/lib/snappy/include -I/home/hadoop/hadoop-20/nativelib/lzma -I/home/hadoop/hadoop-20/nativelib/lz4 conftest.c >&5
configure:5380: $? = 0
configure:5384: test -z 
			 || test ! -s conftest.err
configure:5387: $? = 0
configure:5390: test -s conftest.o
configure:5393: $? = 0
configure:5404: result: yes
configure:5358: checking for inttypes.h
configure:5374: gcc -c -g -O2 -I/home/hadoop/hadoop-20/src/native/lib/snappy/include -I/home/hadoop/hadoop-20/nativelib/lzma -I/home/hadoop/hadoop-20/nativelib/lz4 conftest.c >&5
configure:5380: $? = 0
configure:5384: test -z 
			 || test ! -s conftest.err
configure:5387: $? = 0
configure:5390: test -s conftest.o
configure:5393: $? = 0
configure:5404: result: yes
configure:5358: checking for stdint.h
configure:5374: gcc -c -g -O2 -I/home/hadoop/hadoop-20/src/native/lib/snappy/include -I/home/hadoop/hadoop-20/nativelib/lzma -I/home/hadoop/hadoop-20/nativelib/lz4 conftest.c >&5
configure:5380: $? = 0
configure:5384: test -z 
			 || test ! -s conftest.err
configure:5387: $? = 0
configure:5390: test -s conftest.o
configure:5393: $? = 0
configure:5404: result: yes
configure:5358: checking for unistd.h
configure:5374: gcc -c -g -O2 -I/home/hadoop/hadoop-20/src/native/lib/snappy/include -I/home/hadoop/hadoop-20/nativelib/lzma -I/home/hadoop/hadoop-20/nativelib/lz4 conftest.c >&5
configure:5380: $? = 0
configure:5384: test -z 
			 || test ! -s conftest.err
configure:5387: $? = 0
configure:5390: test -s conftest.o
configure:5393: $? = 0
configure:5404: result: yes
configure:5430: checking dlfcn.h usability
configure:5442: gcc -c -g -O2 -I/home/hadoop/hadoop-20/src/native/lib/snappy/include -I/home/hadoop/hadoop-20/nativelib/lzma -I/home/hadoop/hadoop-20/nativelib/lz4 conftest.c >&5
configure:5448: $? = 0
configure:5452: test -z 
			 || test ! -s conftest.err
configure:5455: $? = 0
configure:5458: test -s conftest.o
configure:5461: $? = 0
configure:5471: result: yes
configure:5475: checking dlfcn.h presence
configure:5485: gcc -E -I/home/hadoop/hadoop-20/src/native/lib/snappy/include -I/home/hadoop/hadoop-20/nativelib/lzma -I/home/hadoop/hadoop-20/nativelib/lz4 conftest.c
configure:5491: $? = 0
configure:5511: result: yes
configure:5546: checking for dlfcn.h
configure:5553: result: yes
configure:5618: checking for g++
configure:5634: found /usr/bin/g++
configure:5644: result: g++
configure:5660: checking for C++ compiler version
configure:5663: g++ --version </dev/null >&5
g++ (Ubuntu 4.8.4-2ubuntu1~14.04.3) 4.8.4
Copyright (C) 2013 Free Software Foundation, Inc.
This is free software; see the source for copying conditions.  There is NO
warranty; not even for MERCHANTABILITY or FITNESS FOR A PARTICULAR PURPOSE.

configure:5666: $? = 0
configure:5668: g++ -v </dev/null >&5
Using built-in specs.
COLLECT_GCC=g++
COLLECT_LTO_WRAPPER=/usr/lib/gcc/x86_64-linux-gnu/4.8/lto-wrapper
Target: x86_64-linux-gnu
Configured with: ../src/configure -v --with-pkgversion='Ubuntu 4.8.4-2ubuntu1~14.04.3' --with-bugurl=file:///usr/share/doc/gcc-4.8/README.Bugs --enable-languages=c,c++,java,go,d,fortran,objc,obj-c++ --prefix=/usr --program-suffix=-4.8 --enable-shared --enable-linker-build-id --libexecdir=/usr/lib --without-included-gettext --enable-threads=posix --with-gxx-include-dir=/usr/include/c++/4.8 --libdir=/usr/lib --enable-nls --with-sysroot=/ --enable-clocale=gnu --enable-libstdcxx-debug --enable-libstdcxx-time=yes --enable-gnu-unique-object --disable-libmudflap --enable-plugin --with-system-zlib --disable-browser-plugin --enable-java-awt=gtk --enable-gtk-cairo --with-java-home=/usr/lib/jvm/java-1.5.0-gcj-4.8-amd64/jre --enable-java-home --with-jvm-root-dir=/usr/lib/jvm/java-1.5.0-gcj-4.8-amd64 --with-jvm-jar-dir=/usr/lib/jvm-exports/java-1.5.0-gcj-4.8-amd64 --with-arch-directory=amd64 --with-ecj-jar=/usr/share/java/eclipse-ecj.jar --enable-objc-gc --enable-multiarch --disable-werror --with-arch-32=i686 --with-abi=m64 --with-multilib-list=m32,m64,mx32 --with-tune=generic --enable-checking=release --build=x86_64-linux-gnu --host=x86_64-linux-gnu --target=x86_64-linux-gnu
Thread model: posix
gcc version 4.8.4 (Ubuntu 4.8.4-2ubuntu1~14.04.3) 
configure:5671: $? = 0
configure:5673: g++ -V </dev/null >&5
g++: error: unrecognized command line option '-V'
g++: fatal error: no input files
compilation terminated.
configure:5676: $? = 4
configure:5679: checking whether we are using the GNU C++ compiler
configure:5703: g++ -c  -I/home/hadoop/hadoop-20/src/native/lib/snappy/include -I/home/hadoop/hadoop-20/nativelib/lzma -I/home/hadoop/hadoop-20/nativelib/lz4 conftest.cc >&5
configure:5709: $? = 0
configure:5713: test -z 
			 || test ! -s conftest.err
configure:5716: $? = 0
configure:5719: test -s conftest.o
configure:5722: $? = 0
configure:5735: result: yes
configure:5741: checking whether g++ accepts -g
configure:5762: g++ -c -g -I/home/hadoop/hadoop-20/src/native/lib/snappy/include -I/home/hadoop/hadoop-20/nativelib/lzma -I/home/hadoop/hadoop-20/nativelib/lz4 conftest.cc >&5
configure:5768: $? = 0
configure:5772: test -z 
			 || test ! -s conftest.err
configure:5775: $? = 0
configure:5778: test -s conftest.o
configure:5781: $? = 0
configure:5792: result: yes
configure:5834: g++ -c -g -O2 -I/home/hadoop/hadoop-20/src/native/lib/snappy/include -I/home/hadoop/hadoop-20/nativelib/lzma -I/home/hadoop/hadoop-20/nativelib/lz4 conftest.cc >&5
configure:5840: $? = 0
configure:5844: test -z 
			 || test ! -s conftest.err
configure:5847: $? = 0
configure:5850: test -s conftest.o
configure:5853: $? = 0
configure:5879: g++ -c -g -O2 -I/home/hadoop/hadoop-20/src/native/lib/snappy/include -I/home/hadoop/hadoop-20/nativelib/lzma -I/home/hadoop/hadoop-20/nativelib/lz4 conftest.cc >&5
conftest.cc: In function 'int main()':
conftest.cc:26:9: error: 'exit' was not declared in this scope
 exit (42);
         ^
configure:5885: $? = 1
configure: failed program was:
| /* confdefs.h.  */
| 
| #define PACKAGE_NAME ""
| #define PACKAGE_TARNAME ""
| #define PACKAGE_VERSION ""
| #define PACKAGE_STRING ""
| #define PACKAGE_BUGREPORT ""
| #define PACKAGE "hadoop"
| #define VERSION "1.0.0"
| #define STDC_HEADERS 1
| #define HAVE_SYS_TYPES_H 1
| #define HAVE_SYS_STAT_H 1
| #define HAVE_STDLIB_H 1
| #define HAVE_STRING_H 1
| #define HAVE_MEMORY_H 1
| #define HAVE_STRINGS_H 1
| #define HAVE_INTTYPES_H 1
| #define HAVE_STDINT_H 1
| #define HAVE_UNISTD_H 1
| #define HAVE_DLFCN_H 1
| /* end confdefs.h.  */
| 
| int
| main ()
| {
| exit (42);
|   ;
|   return 0;
| }
configure:5834: g++ -c -g -O2 -I/home/hadoop/hadoop-20/src/native/lib/snappy/include -I/home/hadoop/hadoop-20/nativelib/lzma -I/home/hadoop/hadoop-20/nativelib/lz4 conftest.cc >&5
conftest.cc:22:40: error: 'void std::exit(int)' should have been declared inside 'std'
 extern "C" void std::exit (int) throw (); using std::exit;
                                        ^
configure:5840: $? = 1
configure: failed program was:
| /* confdefs.h.  */
| 
| #define PACKAGE_NAME ""
| #define PACKAGE_TARNAME ""
| #define PACKAGE_VERSION ""
| #define PACKAGE_STRING ""
| #define PACKAGE_BUGREPORT ""
| #define PACKAGE "hadoop"
| #define VERSION "1.0.0"
| #define STDC_HEADERS 1
| #define HAVE_SYS_TYPES_H 1
| #define HAVE_SYS_STAT_H 1
| #define HAVE_STDLIB_H 1
| #define HAVE_STRING_H 1
| #define HAVE_MEMORY_H 1
| #define HAVE_STRINGS_H 1
| #define HAVE_INTTYPES_H 1
| #define HAVE_STDINT_H 1
| #define HAVE_UNISTD_H 1
| #define HAVE_DLFCN_H 1
| /* end confdefs.h.  */
| extern "C" void std::exit (int) throw (); using std::exit;
| #include <stdlib.h>
| int
| main ()
| {
| exit (42);
|   ;
|   return 0;
| }
configure:5834: g++ -c -g -O2 -I/home/hadoop/hadoop-20/src/native/lib/snappy/include -I/home/hadoop/hadoop-20/nativelib/lzma -I/home/hadoop/hadoop-20/nativelib/lz4 conftest.cc >&5
conftest.cc:22:31: error: 'void std::exit(int)' should have been declared inside 'std'
 extern "C" void std::exit (int); using std::exit;
                               ^
In file included from conftest.cc:23:0:
/usr/include/stdlib.h:543:70: error: declaration of 'void std::exit(int) throw ()' has a different exception specifier
 extern void exit (int __status) __THROW __attribute__ ((__noreturn__));
                                                                      ^
conftest.cc:22:17: error: from previous declaration 'void std::exit(int)'
 extern "C" void std::exit (int); using std::exit;
                 ^
configure:5840: $? = 1
configure: failed program was:
| /* confdefs.h.  */
| 
| #define PACKAGE_NAME ""
| #define PACKAGE_TARNAME ""
| #define PACKAGE_VERSION ""
| #define PACKAGE_STRING ""
| #define PACKAGE_BUGREPORT ""
| #define PACKAGE "hadoop"
| #define VERSION "1.0.0"
| #define STDC_HEADERS 1
| #define HAVE_SYS_TYPES_H 1
| #define HAVE_SYS_STAT_H 1
| #define HAVE_STDLIB_H 1
| #define HAVE_STRING_H 1
| #define HAVE_MEMORY_H 1
| #define HAVE_STRINGS_H 1
| #define HAVE_INTTYPES_H 1
| #define HAVE_STDINT_H 1
| #define HAVE_UNISTD_H 1
| #define HAVE_DLFCN_H 1
| /* end confdefs.h.  */
| extern "C" void std::exit (int); using std::exit;
| #include <stdlib.h>
| int
| main ()
| {
| exit (42);
|   ;
|   return 0;
| }
configure:5834: g++ -c -g -O2 -I/home/hadoop/hadoop-20/src/native/lib/snappy/include -I/home/hadoop/hadoop-20/nativelib/lzma -I/home/hadoop/hadoop-20/nativelib/lz4 conftest.cc >&5
configure:5840: $? = 0
configure:5844: test -z 
			 || test ! -s conftest.err
configure:5847: $? = 0
configure:5850: test -s conftest.o
configure:5853: $? = 0
configure:5879: g++ -c -g -O2 -I/home/hadoop/hadoop-20/src/native/lib/snappy/include -I/home/hadoop/hadoop-20/nativelib/lzma -I/home/hadoop/hadoop-20/nativelib/lz4 conftest.cc >&5
configure:5885: $? = 0
configure:5889: test -z 
			 || test ! -s conftest.err
configure:5892: $? = 0
configure:5895: test -s conftest.o
configure:5898: $? = 0
configure:5923: checking dependency style of g++
configure:6013: result: gcc3
configure:6040: checking how to run the C++ preprocessor
configure:6071: g++ -E -I/home/hadoop/hadoop-20/src/native/lib/snappy/include -I/home/hadoop/hadoop-20/nativelib/lzma -I/home/hadoop/hadoop-20/nativelib/lz4 conftest.cc
configure:6077: $? = 0
configure:6109: g++ -E -I/home/hadoop/hadoop-20/src/native/lib/snappy/include -I/home/hadoop/hadoop-20/nativelib/lzma -I/home/hadoop/hadoop-20/nativelib/lz4 conftest.cc
conftest.cc:25:28: fatal error: ac_nonexistent.h: No such file or directory
 #include <ac_nonexistent.h>
                            ^
compilation terminated.
configure:6115: $? = 1
configure: failed program was:
| /* confdefs.h.  */
| 
| #define PACKAGE_NAME ""
| #define PACKAGE_TARNAME ""
| #define PACKAGE_VERSION ""
| #define PACKAGE_STRING ""
| #define PACKAGE_BUGREPORT ""
| #define PACKAGE "hadoop"
| #define VERSION "1.0.0"
| #define STDC_HEADERS 1
| #define HAVE_SYS_TYPES_H 1
| #define HAVE_SYS_STAT_H 1
| #define HAVE_STDLIB_H 1
| #define HAVE_STRING_H 1
| #define HAVE_MEMORY_H 1
| #define HAVE_STRINGS_H 1
| #define HAVE_INTTYPES_H 1
| #define HAVE_STDINT_H 1
| #define HAVE_UNISTD_H 1
| #define HAVE_DLFCN_H 1
| #ifdef __cplusplus
| extern "C" void exit (int) throw ();
| #endif
| /* end confdefs.h.  */
| #include <ac_nonexistent.h>
configure:6154: result: g++ -E
configure:6178: g++ -E -I/home/hadoop/hadoop-20/src/native/lib/snappy/include -I/home/hadoop/hadoop-20/nativelib/lzma -I/home/hadoop/hadoop-20/nativelib/lz4 conftest.cc
configure:6184: $? = 0
configure:6216: g++ -E -I/home/hadoop/hadoop-20/src/native/lib/snappy/include -I/home/hadoop/hadoop-20/nativelib/lzma -I/home/hadoop/hadoop-20/nativelib/lz4 conftest.cc
conftest.cc:25:28: fatal error: ac_nonexistent.h: No such file or directory
 #include <ac_nonexistent.h>
                            ^
compilation terminated.
configure:6222: $? = 1
configure: failed program was:
| /* confdefs.h.  */
| 
| #define PACKAGE_NAME ""
| #define PACKAGE_TARNAME ""
| #define PACKAGE_VERSION ""
| #define PACKAGE_STRING ""
| #define PACKAGE_BUGREPORT ""
| #define PACKAGE "hadoop"
| #define VERSION "1.0.0"
| #define STDC_HEADERS 1
| #define HAVE_SYS_TYPES_H 1
| #define HAVE_SYS_STAT_H 1
| #define HAVE_STDLIB_H 1
| #define HAVE_STRING_H 1
| #define HAVE_MEMORY_H 1
| #define HAVE_STRINGS_H 1
| #define HAVE_INTTYPES_H 1
| #define HAVE_STDINT_H 1
| #define HAVE_UNISTD_H 1
| #define HAVE_DLFCN_H 1
| #ifdef __cplusplus
| extern "C" void exit (int) throw ();
| #endif
| /* end confdefs.h.  */
| #include <ac_nonexistent.h>
configure:6319: checking for g77
configure:6348: result: no
configure:6319: checking for f77
configure:6348: result: no
configure:6319: checking for xlf
configure:6348: result: no
configure:6319: checking for frt
configure:6348: result: no
configure:6319: checking for pgf77
configure:6348: result: no
configure:6319: checking for fort77
configure:6348: result: no
configure:6319: checking for fl32
configure:6348: result: no
configure:6319: checking for af77
configure:6348: result: no
configure:6319: checking for f90
configure:6348: result: no
configure:6319: checking for xlf90
configure:6348: result: no
configure:6319: checking for pgf90
configure:6348: result: no
configure:6319: checking for epcf90
configure:6348: result: no
configure:6319: checking for f95
configure:6348: result: no
configure:6319: checking for fort
configure:6348: result: no
configure:6319: checking for xlf95
configure:6348: result: no
configure:6319: checking for ifc
configure:6348: result: no
configure:6319: checking for efc
configure:6348: result: no
configure:6319: checking for pgf95
configure:6348: result: no
configure:6319: checking for lf95
configure:6348: result: no
configure:6319: checking for gfortran
configure:6348: result: no
configure:6360: checking for Fortran 77 compiler version
configure:6363:  --version </dev/null >&5
/home/hadoop/hadoop-20/src/native/configure: line 6364: --version: command not found
configure:6366: $? = 127
configure:6368:  -v </dev/null >&5
/home/hadoop/hadoop-20/src/native/configure: line 6369: -v: command not found
configure:6371: $? = 127
configure:6373:  -V </dev/null >&5
/home/hadoop/hadoop-20/src/native/configure: line 6374: -V: command not found
configure:6376: $? = 127
configure:6384: checking whether we are using the GNU Fortran 77 compiler
configure:6398:  -c  conftest.F >&5
/home/hadoop/hadoop-20/src/native/configure: line 6399: -c: command not found
configure:6404: $? = 127
configure: failed program was:
|       program main
| #ifndef __GNUC__
|        choke me
| #endif
| 
|       end
configure:6430: result: no
configure:6436: checking whether  accepts -g
configure:6448:  -c -g conftest.f >&5
/home/hadoop/hadoop-20/src/native/configure: line 6449: -c: command not found
configure:6454: $? = 127
configure: failed program was:
|       program main
| 
|       end
configure:6479: result: no
configure:6509: checking the maximum length of command line arguments
configure:6618: result: 32768
configure:6629: checking command to parse /usr/bin/nm -B output from gcc object
configure:6734: gcc -c -g -O2 -I/home/hadoop/hadoop-20/src/native/lib/snappy/include -I/home/hadoop/hadoop-20/nativelib/lzma -I/home/hadoop/hadoop-20/nativelib/lz4 conftest.c >&5
configure:6737: $? = 0
configure:6741: /usr/bin/nm -B conftest.o \| sed -n -e 's/^.*[ 	]\([ABCDGIRSTW][ABCDGIRSTW]*\)[ 	][ 	]*\([_A-Za-z][_A-Za-z0-9]*\)$/\1 \2 \2/p' \> conftest.nm
configure:6744: $? = 0
configure:6796: gcc -o conftest -g -O2 -I/home/hadoop/hadoop-20/src/native/lib/snappy/include -I/home/hadoop/hadoop-20/nativelib/lzma -I/home/hadoop/hadoop-20/nativelib/lz4 -L/home/hadoop/hadoop-20/src/native/lib/snappy/lib -L/home/hadoop/hadoop-20/nativelib/lzma -L/home/hadoop/hadoop-20/nativelib/lz4 -lrt -Wl,--no-as-needed conftest.c conftstm.o >&5
configure:6799: $? = 0
configure:6837: result: ok
configure:6841: checking for objdir
configure:6856: result: .libs
configure:6946: checking for ar
configure:6962: found /usr/bin/ar
configure:6973: result: ar
configure:7026: checking for ranlib
configure:7042: found /usr/bin/ranlib
configure:7053: result: ranlib
configure:7106: checking for strip
configure:7122: found /usr/bin/strip
configure:7133: result: strip
configure:7405: checking if gcc supports -fno-rtti -fno-exceptions
configure:7423: gcc -c -g -O2 -I/home/hadoop/hadoop-20/src/native/lib/snappy/include -I/home/hadoop/hadoop-20/nativelib/lzma -I/home/hadoop/hadoop-20/nativelib/lz4 -fno-rtti -fno-exceptions conftest.c >&5
cc1: warning: command line option '-fno-rtti' is valid for C++/ObjC++ but not for C [enabled by default]
configure:7427: $? = 0
configure:7440: result: no
configure:7455: checking for gcc option to produce PIC
configure:7665: result: -fPIC
configure:7673: checking if gcc PIC flag -fPIC works
configure:7691: gcc -c -g -O2 -I/home/hadoop/hadoop-20/src/native/lib/snappy/include -I/home/hadoop/hadoop-20/nativelib/lzma -I/home/hadoop/hadoop-20/nativelib/lz4 -fPIC -DPIC conftest.c >&5
configure:7695: $? = 0
configure:7708: result: yes
configure:7736: checking if gcc static flag -static works
configure:7764: result: yes
configure:7774: checking if gcc supports -c -o file.o
configure:7795: gcc -c -g -O2 -I/home/hadoop/hadoop-20/src/native/lib/snappy/include -I/home/hadoop/hadoop-20/nativelib/lzma -I/home/hadoop/hadoop-20/nativelib/lz4 -o out/conftest2.o conftest.c >&5
configure:7799: $? = 0
configure:7821: result: yes
configure:7847: checking whether the gcc linker (/usr/bin/ld -m elf_x86_64) supports shared libraries
configure:8805: result: yes
configure:8826: checking whether -lc should be explicitly linked in
configure:8831: gcc -c -g -O2 -I/home/hadoop/hadoop-20/src/native/lib/snappy/include -I/home/hadoop/hadoop-20/nativelib/lzma -I/home/hadoop/hadoop-20/nativelib/lz4 conftest.c >&5
configure:8834: $? = 0
configure:8849: gcc -shared conftest.o  -v -Wl,-soname -Wl,conftest -o conftest 2\>\&1 \| grep  -lc  \>/dev/null 2\>\&1
configure:8852: $? = 0
configure:8864: result: no
configure:8872: checking dynamic linker characteristics
configure:9265: gcc -c -g -O2 -I/home/hadoop/hadoop-20/src/native/lib/snappy/include -I/home/hadoop/hadoop-20/nativelib/lzma -I/home/hadoop/hadoop-20/nativelib/lz4 conftest.c >&5
configure:9268: $? = 0
configure:9481: result: GNU/Linux ld.so
configure:9490: checking how to hardcode library paths into programs
configure:9515: result: immediate
configure:9529: checking whether stripping libraries is possible
configure:9534: result: yes
configure:10368: checking if libtool supports shared libraries
configure:10370: result: yes
configure:10373: checking whether to build shared libraries
configure:10394: result: yes
configure:10397: checking whether to build static libraries
configure:10401: result: yes
configure:10493: creating libtool
configure:11084: checking for ld used by g++
configure:11151: result: /usr/bin/ld -m elf_x86_64
configure:11160: checking if the linker (/usr/bin/ld -m elf_x86_64) is GNU ld
configure:11175: result: yes
configure:11226: checking whether the g++ linker (/usr/bin/ld -m elf_x86_64) supports shared libraries
configure:12164: result: yes
configure:12182: g++ -c -g -O2 -I/home/hadoop/hadoop-20/src/native/lib/snappy/include -I/home/hadoop/hadoop-20/nativelib/lzma -I/home/hadoop/hadoop-20/nativelib/lz4 conftest.cpp >&5
configure:12185: $? = 0
configure:12304: checking for g++ option to produce PIC
configure:12578: result: -fPIC
configure:12586: checking if g++ PIC flag -fPIC works
configure:12604: g++ -c -g -O2 -I/home/hadoop/hadoop-20/src/native/lib/snappy/include -I/home/hadoop/hadoop-20/nativelib/lzma -I/home/hadoop/hadoop-20/nativelib/lz4 -fPIC -DPIC conftest.cpp >&5
configure:12608: $? = 0
configure:12621: result: yes
configure:12649: checking if g++ static flag -static works
configure:12677: result: yes
configure:12687: checking if g++ supports -c -o file.o
configure:12708: g++ -c -g -O2 -I/home/hadoop/hadoop-20/src/native/lib/snappy/include -I/home/hadoop/hadoop-20/nativelib/lzma -I/home/hadoop/hadoop-20/nativelib/lz4 -o out/conftest2.o conftest.cpp >&5
configure:12712: $? = 0
configure:12734: result: yes
configure:12760: checking whether the g++ linker (/usr/bin/ld -m elf_x86_64) supports shared libraries
configure:12785: result: yes
configure:12852: checking dynamic linker characteristics
configure:13245: g++ -c -g -O2 -I/home/hadoop/hadoop-20/src/native/lib/snappy/include -I/home/hadoop/hadoop-20/nativelib/lzma -I/home/hadoop/hadoop-20/nativelib/lz4 conftest.cpp >&5
configure:13248: $? = 0
configure:13461: result: GNU/Linux ld.so
configure:13470: checking how to hardcode library paths into programs
configure:13495: result: immediate
configure:19702: checking for dlopen in -ldl
configure:19732: gcc -o conftest -g -O2 -I/home/hadoop/hadoop-20/src/native/lib/snappy/include -I/home/hadoop/hadoop-20/nativelib/lzma -I/home/hadoop/hadoop-20/nativelib/lz4 -L/home/hadoop/hadoop-20/src/native/lib/snappy/lib -L/home/hadoop/hadoop-20/nativelib/lzma -L/home/hadoop/hadoop-20/nativelib/lz4 -lrt -Wl,--no-as-needed conftest.c -ldl   >&5
configure:19738: $? = 0
configure:19742: test -z 
			 || test ! -s conftest.err
configure:19745: $? = 0
configure:19748: test -s conftest
configure:19751: $? = 0
configure:19764: result: yes
configure:19783: checking for JNI_GetCreatedJavaVMs in -ljvm
configure:19813: gcc -o conftest -g -O2 -I/home/hadoop/hadoop-20/src/native/lib/snappy/include -I/home/hadoop/hadoop-20/nativelib/lzma -I/home/hadoop/hadoop-20/nativelib/lz4 -L/home/hadoop/hadoop-20/src/native/lib/snappy/lib -L/home/hadoop/hadoop-20/nativelib/lzma -L/home/hadoop/hadoop-20/nativelib/lz4 -lrt -Wl,--no-as-needed -L/usr/lib/jvm/jdk1.8.0_144/jre/lib/amd64/server conftest.c -ljvm  -ldl  >&5
configure:19819: $? = 0
configure:19823: test -z 
			 || test ! -s conftest.err
configure:19826: $? = 0
configure:19829: test -s conftest
configure:19832: $? = 0
configure:19845: result: yes
configure:19859: checking for ANSI C header files
configure:20015: result: yes
configure:20041: checking stdio.h usability
configure:20053: gcc -c -g -O2 -I/home/hadoop/hadoop-20/src/native/lib/snappy/include -I/home/hadoop/hadoop-20/nativelib/lzma -I/home/hadoop/hadoop-20/nativelib/lz4 conftest.c >&5
configure:20059: $? = 0
configure:20063: test -z 
			 || test ! -s conftest.err
configure:20066: $? = 0
configure:20069: test -s conftest.o
configure:20072: $? = 0
configure:20082: result: yes
configure:20086: checking stdio.h presence
configure:20096: gcc -E -I/home/hadoop/hadoop-20/src/native/lib/snappy/include -I/home/hadoop/hadoop-20/nativelib/lzma -I/home/hadoop/hadoop-20/nativelib/lz4 conftest.c
configure:20102: $? = 0
configure:20122: result: yes
configure:20157: checking for stdio.h
configure:20164: result: yes
configure:20041: checking stddef.h usability
configure:20053: gcc -c -g -O2 -I/home/hadoop/hadoop-20/src/native/lib/snappy/include -I/home/hadoop/hadoop-20/nativelib/lzma -I/home/hadoop/hadoop-20/nativelib/lz4 conftest.c >&5
configure:20059: $? = 0
configure:20063: test -z 
			 || test ! -s conftest.err
configure:20066: $? = 0
configure:20069: test -s conftest.o
configure:20072: $? = 0
configure:20082: result: yes
configure:20086: checking stddef.h presence
configure:20096: gcc -E -I/home/hadoop/hadoop-20/src/native/lib/snappy/include -I/home/hadoop/hadoop-20/nativelib/lzma -I/home/hadoop/hadoop-20/nativelib/lz4 conftest.c
configure:20102: $? = 0
configure:20122: result: yes
configure:20157: checking for stddef.h
configure:20164: result: yes
configure:20206: checking jni.h usability
configure:20218: gcc -c -g -O2 -I/home/hadoop/hadoop-20/src/native/lib/snappy/include -I/home/hadoop/hadoop-20/nativelib/lzma -I/home/hadoop/hadoop-20/nativelib/lz4  -I/usr/lib/jvm/jdk1.8.0_144/include -I/usr/lib/jvm/jdk1.8.0_144/include/linux conftest.c >&5
configure:20224: $? = 0
configure:20228: test -z 
			 || test ! -s conftest.err
configure:20231: $? = 0
configure:20234: test -s conftest.o
configure:20237: $? = 0
configure:20247: result: yes
configure:20251: checking jni.h presence
configure:20261: gcc -E -I/home/hadoop/hadoop-20/src/native/lib/snappy/include -I/home/hadoop/hadoop-20/nativelib/lzma -I/home/hadoop/hadoop-20/nativelib/lz4  -I/usr/lib/jvm/jdk1.8.0_144/include -I/usr/lib/jvm/jdk1.8.0_144/include/linux conftest.c
configure:20267: $? = 0
configure:20287: result: yes
configure:20322: checking for jni.h
configure:20329: result: yes
configure:20364: checking zlib.h usability
configure:20376: gcc -c -g -O2 -I/home/hadoop/hadoop-20/src/native/lib/snappy/include -I/home/hadoop/hadoop-20/nativelib/lzma -I/home/hadoop/hadoop-20/nativelib/lz4 conftest.c >&5
configure:20382: $? = 0
configure:20386: test -z 
			 || test ! -s conftest.err
configure:20389: $? = 0
configure:20392: test -s conftest.o
configure:20395: $? = 0
configure:20405: result: yes
configure:20409: checking zlib.h presence
configure:20419: gcc -E -I/home/hadoop/hadoop-20/src/native/lib/snappy/include -I/home/hadoop/hadoop-20/nativelib/lzma -I/home/hadoop/hadoop-20/nativelib/lz4 conftest.c
configure:20425: $? = 0
configure:20445: result: yes
configure:20480: checking for zlib.h
configure:20487: result: yes
configure:20496: checking Checking for the 'actual' dynamic-library for '-lz'
configure:20522: result: "libz.so.1"
configure:20364: checking zconf.h usability
configure:20376: gcc -c -g -O2 -I/home/hadoop/hadoop-20/src/native/lib/snappy/include -I/home/hadoop/hadoop-20/nativelib/lzma -I/home/hadoop/hadoop-20/nativelib/lz4 conftest.c >&5
configure:20382: $? = 0
configure:20386: test -z 
			 || test ! -s conftest.err
configure:20389: $? = 0
configure:20392: test -s conftest.o
configure:20395: $? = 0
configure:20405: result: yes
configure:20409: checking zconf.h presence
configure:20419: gcc -E -I/home/hadoop/hadoop-20/src/native/lib/snappy/include -I/home/hadoop/hadoop-20/nativelib/lzma -I/home/hadoop/hadoop-20/nativelib/lz4 conftest.c
configure:20425: $? = 0
configure:20445: result: yes
configure:20480: checking for zconf.h
configure:20487: result: yes
configure:20496: checking Checking for the 'actual' dynamic-library for '-lz'
configure:20522: result: "libz.so.1"
configure:20554: checking lzma/lzma.h usability
configure:20566: gcc -c -g -O2 -I/home/hadoop/hadoop-20/src/native/lib/snappy/include -I/home/hadoop/hadoop-20/nativelib/lzma -I/home/hadoop/hadoop-20/nativelib/lz4 conftest.c >&5
configure:20572: $? = 0
configure:20576: test -z 
			 || test ! -s conftest.err
configure:20579: $? = 0
configure:20582: test -s conftest.o
configure:20585: $? = 0
configure:20595: result: yes
configure:20599: checking lzma/lzma.h presence
configure:20609: gcc -E -I/home/hadoop/hadoop-20/src/native/lib/snappy/include -I/home/hadoop/hadoop-20/nativelib/lzma -I/home/hadoop/hadoop-20/nativelib/lz4 conftest.c
configure:20615: $? = 0
configure:20635: result: yes
configure:20670: checking for lzma/lzma.h
configure:20677: result: yes
configure:20686: checking Checking for the 'actual' dynamic-library for '-llzma'
configure:20712: result: "liblzma.so.5"
configure:20745: checking lz4/lz4.h usability
configure:20757: gcc -c -g -O2 -I/home/hadoop/hadoop-20/src/native/lib/snappy/include -I/home/hadoop/hadoop-20/nativelib/lzma -I/home/hadoop/hadoop-20/nativelib/lz4 conftest.c >&5
configure:20763: $? = 0
configure:20767: test -z 
			 || test ! -s conftest.err
configure:20770: $? = 0
configure:20773: test -s conftest.o
configure:20776: $? = 0
configure:20786: result: yes
configure:20790: checking lz4/lz4.h presence
configure:20800: gcc -E -I/home/hadoop/hadoop-20/src/native/lib/snappy/include -I/home/hadoop/hadoop-20/nativelib/lzma -I/home/hadoop/hadoop-20/nativelib/lz4 conftest.c
configure:20806: $? = 0
configure:20826: result: yes
configure:20861: checking for lz4/lz4.h
configure:20868: result: yes
configure:20877: checking Checking for the 'actual' dynamic-library for '-llz4'
configure:20903: result: "liblz4.so"
configure:20936: checking fcntl.h usability
configure:20948: gcc -c -g -O2 -I/home/hadoop/hadoop-20/src/native/lib/snappy/include -I/home/hadoop/hadoop-20/nativelib/lzma -I/home/hadoop/hadoop-20/nativelib/lz4 conftest.c >&5
configure:20954: $? = 0
configure:20958: test -z 
			 || test ! -s conftest.err
configure:20961: $? = 0
configure:20964: test -s conftest.o
configure:20967: $? = 0
configure:20977: result: yes
configure:20981: checking fcntl.h presence
configure:20991: gcc -E -I/home/hadoop/hadoop-20/src/native/lib/snappy/include -I/home/hadoop/hadoop-20/nativelib/lzma -I/home/hadoop/hadoop-20/nativelib/lz4 conftest.c
configure:20997: $? = 0
configure:21017: result: yes
configure:21052: checking for fcntl.h
configure:21059: result: yes
configure:21071: checking for posix_fadvise
configure:21128: gcc -o conftest -g -O2 -I/home/hadoop/hadoop-20/src/native/lib/snappy/include -I/home/hadoop/hadoop-20/nativelib/lzma -I/home/hadoop/hadoop-20/nativelib/lz4 -L/home/hadoop/hadoop-20/src/native/lib/snappy/lib -L/home/hadoop/hadoop-20/nativelib/lzma -L/home/hadoop/hadoop-20/nativelib/lz4 -lrt -Wl,--no-as-needed -L/usr/lib/jvm/jdk1.8.0_144/jre/lib/amd64/server conftest.c -ljvm -ldl  >&5
configure:21134: $? = 0
configure:21138: test -z 
			 || test ! -s conftest.err
configure:21141: $? = 0
configure:21144: test -s conftest
configure:21147: $? = 0
configure:21159: result: yes
configure:21179: checking for fcntl.h
configure:21184: result: yes
configure:21323: checking for sync_file_range
configure:21380: gcc -o conftest -g -O2 -I/home/hadoop/hadoop-20/src/native/lib/snappy/include -I/home/hadoop/hadoop-20/nativelib/lzma -I/home/hadoop/hadoop-20/nativelib/lz4 -L/home/hadoop/hadoop-20/src/native/lib/snappy/lib -L/home/hadoop/hadoop-20/nativelib/lzma -L/home/hadoop/hadoop-20/nativelib/lz4 -lrt -Wl,--no-as-needed -L/usr/lib/jvm/jdk1.8.0_144/jre/lib/amd64/server conftest.c -ljvm -ldl  >&5
configure:21386: $? = 0
configure:21390: test -z 
			 || test ! -s conftest.err
configure:21393: $? = 0
configure:21396: test -s conftest
configure:21399: $? = 0
configure:21411: result: yes
configure:21440: checking snappy-c.h usability
configure:21452: gcc -c -g -O2 -I/home/hadoop/hadoop-20/src/native/lib/snappy/include -I/home/hadoop/hadoop-20/nativelib/lzma -I/home/hadoop/hadoop-20/nativelib/lz4 conftest.c >&5
configure:21458: $? = 0
configure:21462: test -z 
			 || test ! -s conftest.err
configure:21465: $? = 0
configure:21468: test -s conftest.o
configure:21471: $? = 0
configure:21481: result: yes
configure:21485: checking snappy-c.h presence
configure:21495: gcc -E -I/home/hadoop/hadoop-20/src/native/lib/snappy/include -I/home/hadoop/hadoop-20/nativelib/lzma -I/home/hadoop/hadoop-20/nativelib/lz4 conftest.c
configure:21501: $? = 0
configure:21521: result: yes
configure:21556: checking for snappy-c.h
configure:21563: result: yes
configure:21572: checking Checking for the 'actual' dynamic-library for '-lsnappy'
configure:21598: result: "libsnappy.so.1"
configure:21615: checking for an ANSI C-conforming const
configure:21682: gcc -c -g -O2 -I/home/hadoop/hadoop-20/src/native/lib/snappy/include -I/home/hadoop/hadoop-20/nativelib/lzma -I/home/hadoop/hadoop-20/nativelib/lz4 conftest.c >&5
configure:21688: $? = 0
configure:21692: test -z 
			 || test ! -s conftest.err
configure:21695: $? = 0
configure:21698: test -s conftest.o
configure:21701: $? = 0
configure:21712: result: yes
configure:21728: checking for memset
configure:21785: gcc -o conftest -g -O2 -I/home/hadoop/hadoop-20/src/native/lib/snappy/include -I/home/hadoop/hadoop-20/nativelib/lzma -I/home/hadoop/hadoop-20/nativelib/lz4 -L/home/hadoop/hadoop-20/src/native/lib/snappy/lib -L/home/hadoop/hadoop-20/nativelib/lzma -L/home/hadoop/hadoop-20/nativelib/lz4 -lrt -Wl,--no-as-needed -L/usr/lib/jvm/jdk1.8.0_144/jre/lib/amd64/server conftest.c -ljvm -ldl  >&5
conftest.c:69:6: warning: conflicting types for built-in function 'memset' [enabled by default]
 char memset ();
      ^
configure:21791: $? = 0
configure:21795: test -z 
			 || test ! -s conftest.err
configure:21798: $? = 0
configure:21801: test -s conftest
configure:21804: $? = 0
configure:21816: result: yes
configure:21945: creating ./config.status

## ---------------------- ##
## Running config.status. ##
## ---------------------- ##

This file was extended by config.status, which was
generated by GNU Autoconf 2.59.  Invocation command line was

  CONFIG_FILES    = 
  CONFIG_HEADERS  = 
  CONFIG_LINKS    = 
  CONFIG_COMMANDS = 
  $ ./config.status 

on master

config.status:723: creating Makefile
config.status:723: creating src/org/apache/hadoop/io/compress/snappy/Makefile
config.status:723: creating src/org/apache/hadoop/io/compress/zlib/Makefile
config.status:723: creating src/org/apache/hadoop/io/compress/lzma/Makefile
config.status:723: creating src/org/apache/hadoop/io/compress/lz4/Makefile
config.status:723: creating src/org/apache/hadoop/syscall/Makefile
config.status:723: creating lib/Makefile
config.status:820: creating config.h
config.status:988: config.h is unchanged
config.status:1168: executing depfiles commands

## ---------------- ##
## Cache variables. ##
## ---------------- ##

ac_cv_build=x86_64-unknown-linux-gnu
ac_cv_build_alias=x86_64-unknown-linux-gnu
ac_cv_c_compiler_gnu=yes
ac_cv_c_const=yes
ac_cv_cxx_compiler_gnu=yes
ac_cv_env_CC_set=
ac_cv_env_CC_value=
ac_cv_env_CFLAGS_set=
ac_cv_env_CFLAGS_value=
ac_cv_env_CPPFLAGS_set=set
ac_cv_env_CPPFLAGS_value='-I/home/hadoop/hadoop-20/src/native/lib/snappy/include -I/home/hadoop/hadoop-20/nativelib/lzma -I/home/hadoop/hadoop-20/nativelib/lz4'
ac_cv_env_CPP_set=
ac_cv_env_CPP_value=
ac_cv_env_CXXCPP_set=
ac_cv_env_CXXCPP_value=
ac_cv_env_CXXFLAGS_set=
ac_cv_env_CXXFLAGS_value=
ac_cv_env_CXX_set=
ac_cv_env_CXX_value=
ac_cv_env_F77_set=
ac_cv_env_F77_value=
ac_cv_env_FFLAGS_set=
ac_cv_env_FFLAGS_value=
ac_cv_env_LDFLAGS_set=set
ac_cv_env_LDFLAGS_value='-L/home/hadoop/hadoop-20/src/native/lib/snappy/lib -L/home/hadoop/hadoop-20/nativelib/lzma -L/home/hadoop/hadoop-20/nativelib/lz4 -lrt -Wl,--no-as-needed'
ac_cv_env_build_alias_set=
ac_cv_env_build_alias_value=
ac_cv_env_host_alias_set=
ac_cv_env_host_alias_value=
ac_cv_env_target_alias_set=
ac_cv_env_target_alias_value=
ac_cv_exeext=
ac_cv_f77_compiler_gnu=no
ac_cv_func_memset=yes
ac_cv_func_posix_fadvise=yes
ac_cv_func_sync_file_range=yes
ac_cv_header_dlfcn_h=yes
ac_cv_header_fcntl_h=yes
ac_cv_header_inttypes_h=yes
ac_cv_header_jni_h=yes
ac_cv_header_lz4_lz4_h=yes
ac_cv_header_lzma_lzma_h=yes
ac_cv_header_memory_h=yes
ac_cv_header_snappy_c_h=yes
ac_cv_header_stdc=yes
ac_cv_header_stddef_h=yes
ac_cv_header_stdint_h=yes
ac_cv_header_stdio_h=yes
ac_cv_header_stdlib_h=yes
ac_cv_header_string_h=yes
ac_cv_header_strings_h=yes
ac_cv_header_sys_stat_h=yes
ac_cv_header_sys_types_h=yes
ac_cv_header_unistd_h=yes
ac_cv_header_zconf_h=yes
ac_cv_header_zlib_h=yes
ac_cv_host=x86_64-unknown-linux-gnu
ac_cv_host_alias=x86_64-unknown-linux-gnu
ac_cv_lib_dl_dlopen=yes
ac_cv_lib_jvm_JNI_GetCreatedJavaVMs=yes
ac_cv_libname_lz4='"liblz4.so"'
ac_cv_libname_lzma='"liblzma.so.5"'
ac_cv_libname_snappy='"libsnappy.so.1"'
ac_cv_libname_z='"libz.so.1"'
ac_cv_objext=o
ac_cv_path_install='/usr/bin/install -c'
ac_cv_prog_AWK=mawk
ac_cv_prog_CPP='gcc -E'
ac_cv_prog_CXXCPP='g++ -E'
ac_cv_prog_ac_ct_AR=ar
ac_cv_prog_ac_ct_CC=gcc
ac_cv_prog_ac_ct_CXX=g++
ac_cv_prog_ac_ct_RANLIB=ranlib
ac_cv_prog_ac_ct_STRIP=strip
ac_cv_prog_cc_g=yes
ac_cv_prog_cc_stdc=
ac_cv_prog_cxx_g=yes
ac_cv_prog_egrep='grep -E'
ac_cv_prog_f77_g=no
ac_cv_prog_make_make_set=yes
ac_cv_sys_file_offset_bits=no
ac_cv_sys_large_files=no
ac_cv_sys_largefile_CC=no
am_cv_CC_dependencies_compiler_type=gcc3
am_cv_CXX_dependencies_compiler_type=gcc3
lt_cv_deplibs_check_method=pass_all
lt_cv_file_magic_cmd='$MAGIC_CMD'
lt_cv_file_magic_test_file=
lt_cv_ld_reload_flag=-r
lt_cv_objdir=.libs
lt_cv_path_LD=/usr/bin/ld
lt_cv_path_LDCXX='/usr/bin/ld -m elf_x86_64'
lt_cv_path_NM='/usr/bin/nm -B'
lt_cv_path_SED=/bin/sed
lt_cv_prog_compiler_c_o=yes
lt_cv_prog_compiler_c_o_CXX=yes
lt_cv_prog_compiler_rtti_exceptions=no
lt_cv_prog_gnu_ld=yes
lt_cv_prog_gnu_ldcxx=yes
lt_cv_sys_global_symbol_pipe='sed -n -e '\''s/^.*[ 	]\([ABCDGIRSTW][ABCDGIRSTW]*\)[ 	][ 	]*\([_A-Za-z][_A-Za-z0-9]*\)$/\1 \2 \2/p'\'''
lt_cv_sys_global_symbol_to_c_name_address='sed -n -e '\''s/^: \([^ ]*\) $/  {\"\1\", (lt_ptr) 0},/p'\'' -e '\''s/^[BCDEGRST] \([^ ]*\) \([^ ]*\)$/  {"\2", (lt_ptr) \&\2},/p'\'''
lt_cv_sys_global_symbol_to_cdecl='sed -n -e '\''s/^. .* \(.*\)$/extern int \1;/p'\'''
lt_cv_sys_max_cmd_len=32768
lt_lt_cv_prog_compiler_c_o='"yes"'
lt_lt_cv_prog_compiler_c_o_CXX='"yes"'
lt_lt_cv_sys_global_symbol_pipe='"sed -n -e '\''s/^.*[ 	]\\([ABCDGIRSTW][ABCDGIRSTW]*\\)[ 	][ 	]*\\([_A-Za-z][_A-Za-z0-9]*\\)\$/\\1 \\2 \\2/p'\''"'
lt_lt_cv_sys_global_symbol_to_c_name_address='"sed -n -e '\''s/^: \\([^ ]*\\) \$/  {\\\"\\1\\\", (lt_ptr) 0},/p'\'' -e '\''s/^[BCDEGRST] \\([^ ]*\\) \\([^ ]*\\)\$/  {\"\\2\", (lt_ptr) \\&\\2},/p'\''"'
lt_lt_cv_sys_global_symbol_to_cdecl='"sed -n -e '\''s/^. .* \\(.*\\)\$/extern int \\1;/p'\''"'

## ----------------- ##
## Output variables. ##
## ----------------- ##

ACLOCAL='${SHELL} /home/hadoop/hadoop-20/src/native/config/missing --run aclocal-1.9'
AMDEPBACKSLASH='\'
AMDEP_FALSE='#'
AMDEP_TRUE=''
AMTAR='${SHELL} /home/hadoop/hadoop-20/src/native/config/missing --run tar'
AR='ar'
AUTOCONF='${SHELL} /home/hadoop/hadoop-20/src/native/config/missing --run autoconf'
AUTOHEADER='${SHELL} /home/hadoop/hadoop-20/src/native/config/missing --run autoheader'
AUTOMAKE='${SHELL} /home/hadoop/hadoop-20/src/native/config/missing --run automake-1.9'
AWK='mawk'
CC='gcc'
CCDEPMODE='depmode=gcc3'
CFLAGS='-g -O2'
CPP='gcc -E'
CPPFLAGS='-I/home/hadoop/hadoop-20/src/native/lib/snappy/include -I/home/hadoop/hadoop-20/nativelib/lzma -I/home/hadoop/hadoop-20/nativelib/lz4'
CXX='g++'
CXXCPP='g++ -E'
CXXDEPMODE='depmode=gcc3'
CXXFLAGS='-g -O2'
CYGPATH_W='echo'
DEFS='-DHAVE_CONFIG_H'
DEPDIR='.deps'
ECHO='echo'
ECHO_C=''
ECHO_N='-n'
ECHO_T=''
EGREP='grep -E'
EXEEXT=''
F77=''
FFLAGS=''
INSTALL_DATA='${INSTALL} -m 644'
INSTALL_PROGRAM='${INSTALL}'
INSTALL_SCRIPT='${INSTALL}'
INSTALL_STRIP_PROGRAM='${SHELL} $(install_sh) -c -s'
JNI_CPPFLAGS=' -I/usr/lib/jvm/jdk1.8.0_144/include -I/usr/lib/jvm/jdk1.8.0_144/include/linux'
JNI_LDFLAGS='-L/usr/lib/jvm/jdk1.8.0_144/jre/lib/amd64/server'
LDFLAGS='-L/home/hadoop/hadoop-20/src/native/lib/snappy/lib -L/home/hadoop/hadoop-20/nativelib/lzma -L/home/hadoop/hadoop-20/nativelib/lz4 -lrt -Wl,--no-as-needed -L/usr/lib/jvm/jdk1.8.0_144/jre/lib/amd64/server'
LIBOBJS=''
LIBS='-ljvm -ldl '
LIBTOOL='$(SHELL) $(top_builddir)/libtool'
LN_S='ln -s'
LTLIBOBJS=''
MAKEINFO='${SHELL} /home/hadoop/hadoop-20/src/native/config/missing --run makeinfo'
OBJEXT='o'
PACKAGE='hadoop'
PACKAGE_BUGREPORT=''
PACKAGE_NAME=''
PACKAGE_STRING=''
PACKAGE_TARNAME=''
PACKAGE_VERSION=''
PATH_SEPARATOR=':'
RANLIB='ranlib'
SED='/bin/sed'
SET_MAKE=''
SHELL='/bin/bash'
STRIP='strip'
VERSION='1.0.0'
ac_ct_AR='ar'
ac_ct_CC='gcc'
ac_ct_CXX='g++'
ac_ct_F77=''
ac_ct_RANLIB='ranlib'
ac_ct_STRIP='strip'
am__fastdepCC_FALSE='#'
am__fastdepCC_TRUE=''
am__fastdepCXX_FALSE='#'
am__fastdepCXX_TRUE=''
am__include='include'
am__leading_dot='.'
am__quote=''
am__tar='${AMTAR} chof - "$$tardir"'
am__untar='${AMTAR} xf -'
bindir='${exec_prefix}/bin'
build='x86_64-unknown-linux-gnu'
build_alias=''
build_cpu='x86_64'
build_os='linux-gnu'
build_vendor='unknown'
datadir='${prefix}/share'
exec_prefix='${prefix}'
host='x86_64-unknown-linux-gnu'
host_alias=''
host_cpu='x86_64'
host_os='linux-gnu'
host_vendor='unknown'
includedir='${prefix}/include'
infodir='${prefix}/info'
install_sh='/home/hadoop/hadoop-20/src/native/config/install-sh'
libdir='${exec_prefix}/lib'
libexecdir='${exec_prefix}/libexec'
localstatedir='${prefix}/var'
mandir='${prefix}/man'
mkdir_p='mkdir -p --'
oldincludedir='/usr/include'
prefix='/usr/local'
program_transform_name='s,x,x,'
sbindir='${exec_prefix}/sbin'
sharedstatedir='${prefix}/com'
sysconfdir='${prefix}/etc'
target_alias=''

## ----------- ##
## confdefs.h. ##
## ----------- ##

#define HADOOP_LZ4_LIBRARY "liblz4.so"
#define HADOOP_LZMA_LIBRARY "liblzma.so.5"
#define HADOOP_SNAPPY_LIBRARY "libsnappy.so.1"
#define HADOOP_ZLIB_LIBRARY "libz.so.1"
#define HADOOP_ZLIB_LIBRARY "libz.so.1"
#define HAVE_DLFCN_H 1
#define HAVE_FCNTL_H 1
#define HAVE_FCNTL_H 1
#define HAVE_INTTYPES_H 1
#define HAVE_JNI_H 1
#define HAVE_LIBDL 1
#define HAVE_LIBJVM 1
#define HAVE_LZ4_LZ4_H 1
#define HAVE_LZMA_LZMA_H 1
#define HAVE_MEMORY_H 1
#define HAVE_MEMSET 1
#define HAVE_POSIX_FADVISE 1
#define HAVE_SNAPPY_C_H 1
#define HAVE_STDDEF_H 1
#define HAVE_STDINT_H 1
#define HAVE_STDIO_H 1
#define HAVE_STDLIB_H 1
#define HAVE_STRINGS_H 1
#define HAVE_STRING_H 1
#define HAVE_SYNC_FILE_RANGE 1
#define HAVE_SYS_STAT_H 1
#define HAVE_SYS_TYPES_H 1
#define HAVE_UNISTD_H 1
#define HAVE_ZCONF_H 1
#define HAVE_ZLIB_H 1
#define PACKAGE "hadoop"
#define PACKAGE_BUGREPORT ""
#define PACKAGE_NAME ""
#define PACKAGE_STRING ""
#define PACKAGE_TARNAME ""
#define PACKAGE_VERSION ""
#define STDC_HEADERS 1
#define STDC_HEADERS 1
#define VERSION "1.0.0"
#endif
#ifdef __cplusplus
extern "C" void exit (int) throw ();

configure: exit 0
